[    0.000000] Initializing cgroup subsys cpuset
[    0.000000] Initializing cgroup subsys cpu
[    0.000000] Initializing cgroup subsys cpuacct
[    0.000000] Linux version 4.4.0-66-generic (buildd@lgw01-28) (gcc version 5.4.0 20160609 (Ubuntu 5.4.0-6ubuntu1~16.04.4) ) #87-Ubuntu SMP Fri Mar 3 15:29:05 UTC 2017 (Ubuntu 4.4.0-66.87-generic 4.4.44)
[    0.000000] Command line: BOOT_IMAGE=/boot/vmlinuz-4.4.0-66-generic root=LABEL=cloudimg-rootfs ro console=tty1 console=ttyS0
[    0.000000] KERNEL supported cpus:
[    0.000000]   Intel GenuineIntel
[    0.000000]   AMD AuthenticAMD
[    0.000000]   Centaur CentaurHauls
[    0.000000] ------------[ cut here ]------------
[    0.000000] WARNING: CPU: 0 PID: 0 at /build/linux-9yOF0g/linux-4.4.0/arch/x86/kernel/fpu/xstate.c:517 fpu__init_system_xstate+0x38b/0x75a()
[    0.000000] XSAVE consistency problem, dumping leaves
[    0.000000] Modules linked in:
[    0.000000] CPU: 0 PID: 0 Comm: swapper Not tainted 4.4.0-66-generic #87-Ubuntu
[    0.000000]  0000000000000086 c49c3c18d5a38a96 ffffffff81e03d80 ffffffff813f8083
[    0.000000]  ffffffff81e03dc8 ffffffff81ca9510 ffffffff81e03db8 ffffffff810812d2
[    0.000000]  ffffffff81e03e48 ffffffff81e03e4c 0000000000000008 0000000000000100
[    0.000000] Call Trace:
[    0.000000]  [<ffffffff813f8083>] dump_stack+0x63/0x90
[    0.000000]  [<ffffffff810812d2>] warn_slowpath_common+0x82/0xc0
[    0.000000]  [<ffffffff8108136c>] warn_slowpath_fmt+0x5c/0x80
[    0.000000]  [<ffffffff8107cfa0>] ? xfeature_size+0x59/0x77
[    0.000000]  [<ffffffff81f6dee4>] fpu__init_system_xstate+0x38b/0x75a
[    0.000000]  [<ffffffff81f5d120>] ? early_idt_handler_array+0x120/0x120
[    0.000000]  [<ffffffff81f6d84f>] fpu__init_system+0x10d/0x245
[    0.000000]  [<ffffffff81f6e958>] early_cpu_init+0x139/0x13e
[    0.000000]  [<ffffffff81f6e958>] ? early_cpu_init+0x139/0x13e
[    0.000000]  [<ffffffff81f69e32>] setup_arch+0xb4/0xd1e
[    0.000000]  [<ffffffff81f5d120>] ? early_idt_handler_array+0x120/0x120
[    0.000000]  [<ffffffff81f5dc74>] start_kernel+0xe4/0x4a2
[    0.000000]  [<ffffffff81f5d120>] ? early_idt_handler_array+0x120/0x120
[    0.000000]  [<ffffffff81f5d339>] x86_64_start_reservations+0x2a/0x2c
[    0.000000]  [<ffffffff81f5d485>] x86_64_start_kernel+0x14a/0x16d
[    0.000000] ---[ end trace 4d5ff9f2f68c4233 ]---
[    0.000000] CPUID[0d, 00]: eax=00000007 ebx=00000440 ecx=00000440 edx=00000000
[    0.000000] CPUID[0d, 01]: eax=00000000 ebx=000003c0 ecx=00000000 edx=00000000
[    0.000000] CPUID[0d, 02]: eax=00000100 ebx=00000240 ecx=00000000 edx=00000000
[    0.000000] CPUID[0d, 03]: eax=00000000 ebx=00000000 ecx=00000000 edx=00000000
[    0.000000] CPUID[0d, 04]: eax=00000000 ebx=00000000 ecx=00000000 edx=00000000
[    0.000000] CPUID[0d, 05]: eax=00000000 ebx=00000000 ecx=00000000 edx=00000000
[    0.000000] CPUID[0d, 06]: eax=00000000 ebx=00000000 ecx=00000000 edx=00000000
[    0.000000] CPUID[0d, 07]: eax=00000000 ebx=00000000 ecx=00000000 edx=00000000
[    0.000000] CPUID[0d, 08]: eax=00000000 ebx=00000000 ecx=00000000 edx=00000000
[    0.000000] CPUID[0d, 09]: eax=00000000 ebx=00000000 ecx=00000000 edx=00000000
[    0.000000] CPUID[0d, 0a]: eax=00000000 ebx=00000000 ecx=00000000 edx=00000000
[    0.000000] CPUID[0d, 0b]: eax=00000000 ebx=00000000 ecx=00000000 edx=00000000
[    0.000000] CPUID[0d, 0c]: eax=00000000 ebx=00000000 ecx=00000000 edx=00000000
[    0.000000] CPUID[0d, 0d]: eax=00000000 ebx=00000000 ecx=00000000 edx=00000000
[    0.000000] CPUID[0d, 0e]: eax=00000000 ebx=00000000 ecx=00000000 edx=00000000
[    0.000000] CPUID[0d, 0f]: eax=00000000 ebx=00000000 ecx=00000000 edx=00000000
[    0.000000] CPUID[0d, 10]: eax=00000000 ebx=00000000 ecx=00000000 edx=00000000
[    0.000000] CPUID[0d, 11]: eax=00000000 ebx=00000000 ecx=00000000 edx=00000000
[    0.000000] x86/fpu: xstate_offset[2]:  576, xstate_sizes[2]:  256
[    0.000000] x86/fpu: Supporting XSAVE feature 0x01: 'x87 floating point registers'
[    0.000000] x86/fpu: Supporting XSAVE feature 0x02: 'SSE registers'
[    0.000000] x86/fpu: Supporting XSAVE feature 0x04: 'AVX registers'
[    0.000000] x86/fpu: Enabled xstate features 0x7, context size is 1088 bytes, using 'standard' format.
[    0.000000] x86/fpu: Using 'lazy' FPU context switches.
[    0.000000] e820: BIOS-provided physical RAM map:
[    0.000000] BIOS-e820: [mem 0x0000000000000000-0x000000000009fbff] usable
[    0.000000] BIOS-e820: [mem 0x000000000009fc00-0x000000000009ffff] reserved
[    0.000000] BIOS-e820: [mem 0x00000000000f0000-0x00000000000fffff] reserved
[    0.000000] BIOS-e820: [mem 0x0000000000100000-0x000000003ffeffff] usable
[    0.000000] BIOS-e820: [mem 0x000000003fff0000-0x000000003fffffff] ACPI data
[    0.000000] BIOS-e820: [mem 0x00000000fec00000-0x00000000fec00fff] reserved
[    0.000000] BIOS-e820: [mem 0x00000000fee00000-0x00000000fee00fff] reserved
[    0.000000] BIOS-e820: [mem 0x00000000fffc0000-0x00000000ffffffff] reserved
[    0.000000] NX (Execute Disable) protection: active
[    0.000000] SMBIOS 2.5 present.
[    0.000000] Hypervisor detected: KVM
[    0.000000] e820: last_pfn = 0x3fff0 max_arch_pfn = 0x400000000
[    0.000000] MTRR: Disabled
[    0.000000] x86/PAT: MTRRs disabled, skipping PAT initialization too.
[    0.000000] x86/PAT: Configuration [0-7]: WB  WT  UC- UC  WB  WT  UC- UC  
[    0.000000] CPU MTRRs all blank - virtualized system.
[    0.000000] found SMP MP-table at [mem 0x0009fff0-0x0009ffff] mapped at [ffff88000009fff0]
[    0.000000] Scanning 1 areas for low memory corruption
[    0.000000] RAMDISK: [mem 0x36ad0000-0x3755ffff]
[    0.000000] ACPI: Early table checksum verification disabled
[    0.000000] ACPI: RSDP 0x00000000000E0000 000024 (v02 VBOX  )
[    0.000000] ACPI: XSDT 0x000000003FFF0030 00003C (v01 VBOX   VBOXXSDT 00000001 ASL  00000061)
[    0.000000] ACPI: FACP 0x000000003FFF00F0 0000F4 (v04 VBOX   VBOXFACP 00000001 ASL  00000061)
[    0.000000] ACPI: DSDT 0x000000003FFF0470 00210F (v01 VBOX   VBOXBIOS 00000002 INTL 20100528)
[    0.000000] ACPI: FACS 0x000000003FFF0200 000040
[    0.000000] ACPI: FACS 0x000000003FFF0200 000040
[    0.000000] ACPI: APIC 0x000000003FFF0240 00005C (v02 VBOX   VBOXAPIC 00000001 ASL  00000061)
[    0.000000] ACPI: SSDT 0x000000003FFF02A0 0001CC (v01 VBOX   VBOXCPUT 00000002 INTL 20100528)
[    0.000000] No NUMA configuration found
[    0.000000] Faking a node at [mem 0x0000000000000000-0x000000003ffeffff]
[    0.000000] NODE_DATA(0) allocated [mem 0x3ffeb000-0x3ffeffff]
[    0.000000] kvm-clock: Using msrs 4b564d01 and 4b564d00
[    0.000000] kvm-clock: cpu 0, msr 0:3ffe3001, primary cpu clock
[    0.000000] kvm-clock: using sched offset of 3187417412 cycles
[    0.000000] clocksource: kvm-clock: mask: 0xffffffffffffffff max_cycles: 0x1cd42e4dffb, max_idle_ns: 881590591483 ns
[    0.000000] Zone ranges:
[    0.000000]   DMA      [mem 0x0000000000001000-0x0000000000ffffff]
[    0.000000]   DMA32    [mem 0x0000000001000000-0x000000003ffeffff]
[    0.000000]   Normal   empty
[    0.000000]   Device   empty
[    0.000000] Movable zone start for each node
[    0.000000] Early memory node ranges
[    0.000000]   node   0: [mem 0x0000000000001000-0x000000000009efff]
[    0.000000]   node   0: [mem 0x0000000000100000-0x000000003ffeffff]
[    0.000000] Initmem setup node 0 [mem 0x0000000000001000-0x000000003ffeffff]
[    0.000000] ACPI: PM-Timer IO Port: 0x4008
[    0.000000] IOAPIC[0]: apic_id 2, version 32, address 0xfec00000, GSI 0-23
[    0.000000] ACPI: INT_SRC_OVR (bus 0 bus_irq 0 global_irq 2 dfl dfl)
[    0.000000] ACPI: INT_SRC_OVR (bus 0 bus_irq 9 global_irq 9 high level)
[    0.000000] Using ACPI (MADT) for SMP configuration information
[    0.000000] smpboot: Allowing 2 CPUs, 0 hotplug CPUs
[    0.000000] PM: Registered nosave memory: [mem 0x00000000-0x00000fff]
[    0.000000] PM: Registered nosave memory: [mem 0x0009f000-0x0009ffff]
[    0.000000] PM: Registered nosave memory: [mem 0x000a0000-0x000effff]
[    0.000000] PM: Registered nosave memory: [mem 0x000f0000-0x000fffff]
[    0.000000] e820: [mem 0x40000000-0xfebfffff] available for PCI devices
[    0.000000] Booting paravirtualized kernel on KVM
[    0.000000] clocksource: refined-jiffies: mask: 0xffffffff max_cycles: 0xffffffff, max_idle_ns: 7645519600211568 ns
[    0.000000] setup_percpu: NR_CPUS:512 nr_cpumask_bits:512 nr_cpu_ids:2 nr_node_ids:1
[    0.000000] PERCPU: Embedded 33 pages/cpu @ffff88003fc00000 s98264 r8192 d28712 u1048576
[    0.000000] PV qspinlock hash table entries: 256 (order: 0, 4096 bytes)
[    0.000000] Built 1 zonelists in Node order, mobility grouping on.  Total pages: 257913
[    0.000000] Policy zone: DMA32
[    0.000000] Kernel command line: BOOT_IMAGE=/boot/vmlinuz-4.4.0-66-generic root=LABEL=cloudimg-rootfs ro console=tty1 console=ttyS0
[    0.000000] PID hash table entries: 4096 (order: 3, 32768 bytes)
[    0.000000] Memory: 1001760K/1048120K available (8452K kernel code, 1293K rwdata, 3980K rodata, 1488K init, 1316K bss, 46360K reserved, 0K cma-reserved)
[    0.000000] SLUB: HWalign=64, Order=0-3, MinObjects=0, CPUs=2, Nodes=1
[    0.000000] Hierarchical RCU implementation.
[    0.000000] 	Build-time adjustment of leaf fanout to 64.
[    0.000000] 	RCU restricting CPUs from NR_CPUS=512 to nr_cpu_ids=2.
[    0.000000] RCU: Adjusting geometry for rcu_fanout_leaf=64, nr_cpu_ids=2
[    0.000000] NR_IRQS:33024 nr_irqs:440 16
[    0.000000] Console: colour VGA+ 80x25
[    0.000000] console [tty1] enabled
[    0.000000] console [ttyS0] enabled
[    0.000000] tsc: Detected 4008.000 MHz processor
[   20.074000] Calibrating delay loop (skipped) preset value.. 8016.00 BogoMIPS (lpj=16032000)
[   20.261016] pid_max: default: 32768 minimum: 301
[   20.372207] ACPI: Core revision 20150930
[   20.465125] ACPI: 2 ACPI AML tables successfully acquired and loaded
[   20.614826] Security Framework initialized
[   20.729214] Yama: becoming mindful.
[   20.789850] AppArmor: AppArmor initialized
[   20.887172] Dentry cache hash table entries: 131072 (order: 8, 1048576 bytes)
[   21.053296] Inode-cache hash table entries: 65536 (order: 7, 524288 bytes)
[   21.169737] Mount-cache hash table entries: 2048 (order: 2, 16384 bytes)
[   21.175347] Mountpoint-cache hash table entries: 2048 (order: 2, 16384 bytes)
[   21.246729] Initializing cgroup subsys io
[   21.359867] Initializing cgroup subsys memory
[   21.465668] Initializing cgroup subsys devices
[   21.577575] Initializing cgroup subsys freezer
[   21.673215] Initializing cgroup subsys net_cls
[   21.787528] Initializing cgroup subsys perf_event
[   21.869816] Initializing cgroup subsys net_prio
[   21.974530] Initializing cgroup subsys hugetlb
[   22.078299] Initializing cgroup subsys pids
[   22.190662] CPU: Physical Processor ID: 0
[   22.295924] CPU: Processor Core ID: 0
[   22.389079] mce: CPU supports 0 MCE banks
[   22.492398] Last level iTLB entries: 4KB 64, 2MB 8, 4MB 8
[   22.634318] Last level dTLB entries: 4KB 64, 2MB 0, 4MB 0, 1GB 4
[   22.793239] Freeing SMP alternatives memory: 32K (ffffffff820b9000 - ffffffff820c1000)
[   22.951048] ftrace: allocating 32123 entries in 126 pages
[   23.112277] smpboot: APIC(0) Converting physical 0 to logical package 0
[   23.146495] smpboot: Max logical packages: 1
[   23.147255] x2apic enabled
[   23.225967] Switched APIC routing to physical x2apic.
[   23.335491] ..TIMER: vector=0x30 apic1=0 pin1=2 apic2=-1 pin2=-1
[   23.557479] smpboot: CPU0: Intel(R) Core(TM) i7-6700K CPU @ 4.00GHz (family: 0x6, model: 0x5e, stepping: 0x3)
[   23.798303] Performance Events: unsupported p6 CPU model 94 no PMU driver, software events only.
[   23.979517] KVM setup paravirtual spinlock
[   24.069058] x86: Booting SMP configuration:
[   24.180871] .... node  #0, CPUs:      #1
[   24.274550] kvm-clock: cpu 1, msr 0:3ffe3041, secondary cpu clock
[   24.327899] mce: CPU supports 0 MCE banks
[   24.365132] x86: Booted up 1 node, 2 CPUs
[   24.461853] smpboot: Total of 2 processors activated (16032.00 BogoMIPS)
[   24.617471] devtmpfs: initialized
[   24.678739] evm: security.selinux
[   24.745942] evm: security.SMACK64
[   24.815066] evm: security.SMACK64EXEC
[   24.887764] evm: security.SMACK64TRANSMUTE
[   24.941564] evm: security.SMACK64MMAP
[   25.025394] evm: security.ima
[   25.088508] evm: security.capability
[   25.173923] clocksource: jiffies: mask: 0xffffffff max_cycles: 0xffffffff, max_idle_ns: 7645041785100000 ns
[   25.210205] pinctrl core: initialized pinctrl subsystem
[   25.327300] RTC time: 12:11:27, date: 06/17/17
[   25.426833] NET: Registered protocol family 16
[   25.545960] cpuidle: using governor ladder
[   25.590091] cpuidle: using governor menu
[   25.678577] PCCT header not found.
[   25.765837] ACPI: bus type PCI registered
[   25.824951] acpiphp: ACPI Hot Plug PCI Controller Driver version: 0.5
[   25.967442] PCI: Using configuration type 1 for base access
[   26.050550] ACPI: Added _OSI(Module Device)
[   26.146828] ACPI: Added _OSI(Processor Device)
[   26.268665] ACPI: Added _OSI(3.0 _SCP Extensions)
[   26.394486] ACPI: Added _OSI(Processor Aggregator Device)
[   26.523346] ACPI: Executed 1 blocks of module-level executable AML code
[   26.679603] ACPI: Interpreter enabled
[   26.764531] ACPI: (supports S0 S5)
[   26.841672] ACPI: Using IOAPIC for interrupt routing
[   26.958186] PCI: Using host bridge windows from ACPI; if necessary, use "pci=nocrs" and report a bug
[   27.034347] ACPI: PCI Root Bridge [PCI0] (domain 0000 [bus 00-ff])
[   27.157576] acpi PNP0A03:00: _OSC: OS supports [ASPM ClockPM Segments MSI]
[   27.178046] acpi PNP0A03:00: _OSC failed (AE_NOT_FOUND); disabling ASPM
[   27.325051] acpi PNP0A03:00: fail to add MMCONFIG information, can't access extended PCI configuration space under this bridge.
[   27.545050] PCI host bridge to bus 0000:00
[   27.647366] pci_bus 0000:00: root bus resource [io  0x0000-0x0cf7 window]
[   27.835397] pci_bus 0000:00: root bus resource [io  0x0d00-0xffff window]
[   28.021423] pci_bus 0000:00: root bus resource [mem 0x000a0000-0x000bffff window]
[   28.145412] pci_bus 0000:00: root bus resource [mem 0x40000000-0xffdfffff window]
[   28.327871] pci_bus 0000:00: root bus resource [bus 00-ff]
[   28.441726] pci 0000:00:01.1: legacy IDE quirk: reg 0x10: [io  0x01f0-0x01f7]
[   28.635560] pci 0000:00:01.1: legacy IDE quirk: reg 0x14: [io  0x03f6]
[   28.813515] pci 0000:00:01.1: legacy IDE quirk: reg 0x18: [io  0x0170-0x0177]
[   29.007049] pci 0000:00:01.1: legacy IDE quirk: reg 0x1c: [io  0x0376]
[   29.143139] pci 0000:00:07.0: quirk: [io  0x4000-0x403f] claimed by PIIX4 ACPI
[   29.299450] pci 0000:00:07.0: quirk: [io  0x4100-0x410f] claimed by PIIX4 SMB
[   29.466564] ACPI: PCI Interrupt Link [LNKA] (IRQs 5 9 10 *11)
[   29.510883] ACPI: PCI Interrupt Link [LNKB] (IRQs 5 9 10 *11)
[   29.637162] ACPI: PCI Interrupt Link [LNKC] (IRQs 5 9 *10 11)
[   29.755604] ACPI: PCI Interrupt Link [LNKD] (IRQs 5 *9 10 11)
[   29.877903] ACPI: Enabled 2 GPEs in block 00 to 07
[   29.989651] vgaarb: setting as boot device: PCI:0000:00:02.0
[   30.121499] vgaarb: device added: PCI:0000:00:02.0,decodes=io+mem,owns=io+mem,locks=none
[   30.126205] vgaarb: loaded
[   30.126786] vgaarb: bridge control possible 0000:00:02.0
[   30.127664] SCSI subsystem initialized
[   30.185241] ACPI: bus type USB registered
[   30.251257] usbcore: registered new interface driver usbfs
[   30.271660] usbcore: registered new interface driver hub
[   30.272337] usbcore: registered new device driver usb
[   30.273176] PCI: Using ACPI for IRQ routing
[   30.365281] NetLabel: Initializing
[   30.441248] NetLabel:  domain hash size = 128
[   30.553071] NetLabel:  protocols = UNLABELED CIPSOv4
[   30.664388] NetLabel:  unlabeled traffic allowed by default
[   30.775810] amd_nb: Cannot enumerate AMD northbridges
[   30.908590] clocksource: Switched to clocksource kvm-clock
[   31.051717] AppArmor: AppArmor Filesystem Enabled
[   31.126282] pnp: PnP ACPI init
[   31.177725] pnp: PnP ACPI: found 3 devices
[   31.289997] clocksource: acpi_pm: mask: 0xffffff max_cycles: 0xffffff, max_idle_ns: 2085701024 ns
[   31.513916] NET: Registered protocol family 2
[   31.609465] TCP established hash table entries: 8192 (order: 4, 65536 bytes)
[   31.800982] TCP bind hash table entries: 8192 (order: 5, 131072 bytes)
[   31.982929] TCP: Hash tables configured (established 8192 bind 8192)
[   32.146943] UDP hash table entries: 512 (order: 2, 16384 bytes)
[   32.291245] UDP-Lite hash table entries: 512 (order: 2, 16384 bytes)
[   32.458729] NET: Registered protocol family 1
[   32.571969] pci 0000:00:00.0: Limiting direct PCI/PCI transfers
[   32.726918] pci 0000:00:01.0: Activating ISA DMA hang workarounds
[   32.890952] Trying to unpack rootfs image as initramfs...
[   34.235007] Freeing initrd memory: 10816K (ffff880036ad0000 - ffff880037560000)
[   34.391139] platform rtc_cmos: registered platform RTC device (no PNP device found)
[   34.463819] Scanning for low memory corruption every 60 seconds
[   34.619473] futex hash table entries: 512 (order: 3, 32768 bytes)
[   34.780968] audit: initializing netlink subsys (disabled)
[   34.897214] audit: type=2000 audit(1497701471.886:1): initialized
[   35.055306] Initialise system trusted keyring
[   35.171543] HugeTLB registered 2 MB page size, pre-allocated 0 pages
[   35.342326] zbud: loaded
[   35.405966] tsc: Refined TSC clocksource calibration: 4007.722 MHz
[   35.586512] clocksource: tsc: mask: 0xffffffffffffffff max_cycles: 0x39c4dbbb86d, max_idle_ns: 440795291658 ns
ÿ[   35.586709] VFS: Disk quotas dquot_6.6.0
[   35.586732] VFS: Dquot-cache hash table entries: 512 (order 0, 4096 bytes)
[   35.586887] squashfs: version 4.0 (2009/01/31) Phillip Lougher
[   35.587023] fuse init (API version 7.23)
[   35.587093] Key type big_key registered
[   35.587105] Allocating IMA MOK and blacklist keyrings.
[   35.587231] Key type asymmetric registered
[   35.587232] Asymmetric key parser 'x509' registered
[   35.587254] Block layer SCSI generic (bsg) driver version 0.4 loaded (major 249)
[   35.587279] io scheduler noop registered
[   35.587280] io scheduler deadline registered (default)
[   35.587299] io scheduler cfq registered
[   35.587362] pci_hotplug: PCI Hot Plug PCI Core version: 0.5
[   35.587366] pciehp: PCI Express Hot Plug Controller Driver version: 0.4
[   35.587449] ACPI: AC Adapter [AC] (on-line)
[   35.587481] input: Power Button as /devices/LNXSYSTM:00/LNXPWRBN:00/input/input0
[   35.587483] ACPI: Power Button [PWRF]
[   35.587525] input: Sleep Button as /devices/LNXSYSTM:00/LNXSLPBN:00/input/input1
[   35.587526] ACPI: Sleep Button [SLPF]
[   35.587611] GHES: HEST is not enabled!
[   35.587681] Serial: 8250/16550 driver, 32 ports, IRQ sharing enabled
[   35.863267] 00:02: ttyS0 at I/O 0x3f8 (irq = 4, base_baud = 115200) is a 16550A
[   35.975647] Linux agpgart interface v0.103
[   36.005203] brd: module loaded
[   36.005699] loop: module loaded
[   36.006039] scsi host0: ata_piix
[   36.006075] scsi host1: ata_piix
[   36.006096] ata1: PATA max UDMA/33 cmd 0x1f0 ctl 0x3f6 bmdma 0xd000 irq 14
[   36.006096] ata2: PATA max UDMA/33 cmd 0x170 ctl 0x376 bmdma 0xd008 irq 15
[   36.006145] libphy: Fixed MDIO Bus: probed
[   36.006147] tun: Universal TUN/TAP device driver, 1.6
[   36.006147] tun: (C) 1999-2004 Max Krasnyansky <maxk@qualcomm.com>
[   36.006372] PPP generic driver version 2.4.2
[   36.006406] ehci_hcd: USB 2.0 'Enhanced' Host Controller (EHCI) Driver
[   36.006409] ehci-pci: EHCI PCI platform driver
[   36.006414] ehci-platform: EHCI generic platform driver
[   36.006419] ohci_hcd: USB 1.1 'Open' Host Controller (OHCI) Driver
[   36.006421] ohci-pci: OHCI PCI platform driver
[   36.006426] ohci-platform: OHCI generic platform driver
[   36.006431] uhci_hcd: USB Universal Host Controller Interface driver
[   36.006463] i8042: PNP: PS/2 Controller [PNP0303:PS2K,PNP0f03:PS2M] at 0x60,0x64 irq 1,12
[   36.076959] serio: i8042 KBD port at 0x60,0x64 irq 1
[   36.076963] serio: i8042 AUX port at 0x60,0x64 irq 12
[   36.077056] mousedev: PS/2 mouse device common for all mice
[   36.077257] rtc_cmos rtc_cmos: rtc core: registered rtc_cmos as rtc0
[   36.077294] rtc_cmos rtc_cmos: alarms up to one day, 114 bytes nvram
[   36.077298] i2c /dev entries driver
[   36.077333] device-mapper: uevent: version 1.0.3
[   36.077366] device-mapper: ioctl: 4.34.0-ioctl (2015-10-28) initialised: dm-devel@redhat.com
[   36.077381] ledtrig-cpu: registered to indicate activity on CPUs
[   36.077558] NET: Registered protocol family 10
[   36.077645] NET: Registered protocol family 17
[   36.077650] Key type dns_resolver registered
[   36.143923] microcode: CPU0 sig=0x506e3, pf=0x2, revision=0x0
[   36.143947] microcode: CPU1 sig=0x506e3, pf=0x2, revision=0x0
[   36.144004] microcode: Microcode Update Driver: v2.01 <tigran@aivazian.fsnet.co.uk>, Peter Oruba
[   36.144078] registered taskstats version 1
[   36.144088] Loading compiled-in X.509 certificates
[   36.144512] Loaded X.509 cert 'Build time autogenerated kernel key: 32ca4feee90b5cde51f5f8c0e024b22f8c679982'
[   36.144526] zswap: loaded using pool lzo/zbud
[   36.145571] Key type trusted registered
[   36.146882] Key type encrypted registered
[   36.146885] AppArmor: AppArmor sha1 policy hashing enabled
[   36.146887] ima: No TPM chip found, activating TPM-bypass!
[   36.146898] evm: HMAC attrs: 0x1
[   36.147053]   Magic number: 5:166:178
[   36.147076]  platform: hash matches
[   36.232200] rtc_cmos rtc_cmos: setting system clock to 2017-06-17 12:11:38 UTC (1497701498)
[   36.232294] BIOS EDD facility v0.16 2004-Jun-25, 0 devices found
[   36.232294] EDD information not available.
[   36.804351] input: AT Translated Set 2 keyboard as /devices/platform/i8042/serio0/input/input2
[   44.472598] Freeing unused kernel memory: 1488K (ffffffff81f45000 - ffffffff820b9000)
[   44.654350] Write protecting the kernel read-only data: 14336k
[   44.770423] Freeing unused kernel memory: 1776K (ffff880001844000 - ffff880001a00000)
[   44.960449] Freeing unused kernel memory: 116K (ffff880001de3000 - ffff880001e00000)
Loading, please [   45.134853] random: systemd-udevd: uninitialized urandom read (16 bytes read, 7 bits of entropy available)
wait...
startin[   45.135224] random: udevadm: uninitialized urandom read (16 bytes read, 7 bits of entropy available)
g version 229
[   45.135247] random: udevadm: uninitialized urandom read (16 bytes read, 7 bits of entropy available)
[   45.135317] random: udevadm: uninitialized urandom read (16 bytes read, 7 bits of entropy available)
[   45.135341] random: udevadm: uninitialized urandom read (16 bytes read, 7 bits of entropy available)
[   45.135364] random: udevadm: uninitialized urandom read (16 bytes read, 7 bits of entropy available)
[   45.135388] random: udevadm: uninitialized urandom read (16 bytes read, 7 bits of entropy available)
[   45.135411] random: udevadm: uninitialized urandom read (16 bytes read, 7 bits of entropy available)
[   45.135433] random: udevadm: uninitialized urandom read (16 bytes read, 7 bits of entropy available)
[   45.135455] random: udevadm: uninitialized urandom read (16 bytes read, 7 bits of entropy available)
[   46.947794] e1000: Intel(R) PRO/1000 Network Driver - version 7.3.21-k8-NAPI
[   47.016569] e1000: Copyright (c) 1999-2006 Intel Corporation.
[   47.068120] Fusion MPT base driver 3.04.20
[   47.152861] Copyright (c) 1999-2008 LSI Corporation
[   47.156280] Fusion MPT SPI Host driver 3.04.20
[   47.277318] input: ImExPS/2 Generic Explorer Mouse as /devices/platform/i8042/serio1/input/input4
[   47.428918] AVX version of gcm_enc/dec engaged.
[   47.452278] e1000 0000:00:03.0 eth0: (PCI:33MHz:32-bit) 02:ed:55:e6:81:b9
[   47.452280] e1000 0000:00:03.0 eth0: Intel(R) PRO/1000 Network Connection
[   47.566117] e1000 0000:00:03.0 enp0s3: renamed from eth0
[   47.566647] mptbase: ioc0: Initiating bringup
[   47.628934] ioc0: LSI53C1030 A0: Capabilities={Initiator}
[   47.809923] AES CTR mode by8 optimization enabled
[   47.826547] scsi host2: ioc0: LSI53C1030 A0, FwRev=00000000h, Ports=1, MaxQ=256, IRQ=20
[   47.953022] scsi 2:0:0:0: Direct-Access     VBOX     HARDDISK         1.0  PQ: 0 ANSI: 5
[   48.067553] scsi target2:0:0: Beginning Domain Validation
[   48.145375] scsi target2:0:0: Domain Validation skipping write tests
[   48.276543] scsi target2:0:0: Ending Domain Validation
[   48.364878] scsi target2:0:0: asynchronous
[   48.487879] scsi 2:0:1:0: Direct-Access     VBOX     HARDDISK         1.0  PQ: 0 ANSI: 5
[   48.541355] scsi target2:0:1: Beginning Domain Validation
[   48.697350] scsi target2:0:1: Domain Validation skipping write tests
[   48.699316] scsi target2:0:1: Ending Domain Validation
[   48.700044] scsi target2:0:1: asynchronous
[   48.704175] sd 2:0:0:0: Attached scsi generic sg0 type 0
[   48.704859] sd 2:0:0:0: [sda] 20971520 512-byte logical blocks: (10.7 GB/10.0 GiB)
[   48.705973] sd 2:0:0:0: [sda] Write Protect is off
[   48.706640] sd 2:0:0:0: [sda] Incomplete mode parameter data
[   48.707333] sd 2:0:0:0: [sda] Assuming drive cache: write through
[   48.708100] sd 2:0:1:0: [sdb] 20480 512-byte logical blocks: (10.5 MB/10.0 MiB)
[   48.709080] sd 2:0:1:0: Attached scsi generic sg1 type 0
[   48.841983] sd 2:0:1:0: [sdb] Write Protect is off
[   48.925651] sd 2:0:1:0: [sdb] Incomplete mode parameter data
[   49.105427] sd 2:0:1:0: [sdb] Assuming drive cache: write through
[   49.320509]  sda: sda1
[   49.349031] sd 2:0:1:0: [sdb] Attached SCSI disk
[   49.527933] sd 2:0:0:0: [sda] Attached SCSI disk
[   50.068619] floppy0: no floppy controllers found
[   50.183774] work still pending
Begin: Loading e[   51.472249] md: linear personality registered for level -1
ssential drivers[   51.636094] md: multipath personality registered for level -4
 ... [   51.854994] md: raid0 personality registered for level 0
[   51.982902] md: raid1 personality registered for level 1
[   52.208668] raid6: sse2x1   gen() 11569 MB/s
[   52.408659] raid6: sse2x1   xor()  7299 MB/s
[   52.588670] raid6: sse2x2   gen() 13807 MB/s
[   52.780647] raid6: sse2x2   xor()  9581 MB/s
[   52.968666] raid6: sse2x4   gen() 15755 MB/s
[   53.092602] raid6: sse2x4   xor() 10710 MB/s
[   53.204970] raid6: using algorithm sse2x4 gen() 15755 MB/s
[   53.369101] raid6: .... xor() 10710 MB/s, rmw enabled
[   53.511101] raid6: using ssse3x2 recovery algorithm
[   53.659432] xor: automatically using best checksumming function:
[   53.852629]    avx       : 27560.000 MB/sec
[   53.998045] async_tx: api initialized (async)
[   54.071477] md: raid6 personality registered for level 6
[   54.219468] md: raid5 personality registered for level 5
[   54.360898] md: raid4 personality registered for level 4
[   54.479954] md: raid10 personality registered for level 10
done.
Begin: Running /scripts/init-p[   54.651525] Btrfs loaded
remount ... done.
Begin: Mounting root file system ... Begin: Running /scripts/local-top ... done.
Begin: Running /scripts/local-premount ... Scanning for Btrfs filesystems
done.
Warning: fsck not present, so skipping root file system
[   54.804975] EXT4-fs (sda1): mounted filesystem with ordered data mode. Opts: (null)
done.
Begin: Running /scripts/local-bottom ... done.
Begin: Running /scripts/init-bottom ... done.
[   55.277517] random: nonblocking pool is initialized
[   55.675820] systemd[1]: systemd 229 running in system mode. (+PAM +AUDIT +SELINUX +IMA +APPARMOR +SMACK +SYSVINIT +UTMP +LIBCRYPTSETUP +GCRYPT +GNUTLS +ACL +XZ -LZ4 +SECCOMP +BLKID +ELFUTILS +KMOD -IDN)
[   56.228948] systemd[1]: Detected virtualization oracle.
[   56.379738] systemd[1]: Detected architecture x86-64.

Welcome to [1mUbuntu 16.04.2 LTS[0m!

[   56.609467] systemd[1]: Set hostname to <ubuntu>.
[   56.806880] systemd[1]: Initializing machine ID from random generator.
[   57.022921] systemd[1]: Installed transient /etc/machine-id file.
[   57.965496] systemd[1]: Listening on Journal Audit Socket.
[[0;32m  OK  [0m] Listening on Journal Audit Socket.
[   58.205282] systemd[1]: Listening on /dev/initctl Compatibility Named Pipe.
[[0;32m  OK  [0m] Listening on /dev/initctl Compatibility Named Pipe.
[   58.417998] systemd[1]: Set up automount Arbitrary Executable File Formats File System Automount Point.
[[0;32m  OK  [0m] Set up automount Arbitrary Executab...ats File System Automount Point.
[   58.573134] systemd[1]: Listening on LVM2 poll daemon socket.
[[0;32m  OK  [0m] Listening on LVM2 poll daemon socket.
[   58.829501] systemd[1]: Listening on Journal Socket (/dev/log).
[[0;32m  OK  [0m] Listening on Journal Socket (/dev/log).
[   59.117238] systemd[1]: Reached target Encrypted Volumes.
[[0;32m  OK  [0m] Reached target Encrypted Volumes.
[   59.349949] systemd[1]: Listening on udev Control Socket.
[[0;32m  OK  [0m] Listening on udev Control Socket.
[   59.609524] systemd[1]: Created slice System Slice.
[[0;32m  OK  [0m] Created slice System Slice.
[   59.832660] systemd[1]: Listening on Journal Socket.
[[0;32m  OK  [0m] Listening on Journal Socket.
[   60.069451] systemd[1]: Mounting Huge Pages File System...
         Mounting Huge Pages File System...
[   60.296733] systemd[1]: Starting Create list of required static device nodes for the current kernel...
         Starting Create list of required st... nodes for the current kernel...
[   60.649130] systemd[1]: Mounting Debug File System...
         Mounting Debug File System...
[   60.864898] systemd[1]: Starting Nameserver information manager...
         Starting Nameserver information manager...
[   61.105227] systemd[1]: Listening on Syslog Socket.
[[0;32m  OK  [0m] Listening on Syslog Socket.
[   61.336777] systemd[1]: Starting Journal Service...
         Starting Journal Service...
[   61.361705] systemd[1]: Created slice User and Session Slice.
[[0;32m  OK  [0m] Created slice User and Session Slice.
[   61.620994] systemd[1]: Reached target Slices.
[[0;32m  OK  [0m] Reached target Slices.
[   61.844811] systemd[1]: Starting Set console keymap...
         Starting Set console keymap...
[   62.061423] systemd[1]: Mounting POSIX Message Queue File System...
         Mounting POSIX Message Queue File System...
[   62.313623] systemd[1]: Starting Remount Root and Kernel File Systems...
         [   62.388069] EXT4-fs (sda1): re-mounted. Opts: (null)
Starting Remount Root and Kernel File Systems...
[   62.613192] systemd[1]: Starting Load Kernel Modules...
         Starting Load Kernel Modules...
[   62.796792] systemd[1]: Reached target Swap.
[[0;32m  OK  [0[   62.963829] Loading iSCSI transport class v2.0-870.
m] Reached target Swap.
[   63.165523] systemd[1]: Listening on Device-mapper event daemon FIFOs.
[[0;32m  OK  [0m] Listening on [   63.388076] iscsi: registered transport (tcp)
Device-mapper event daemon FIFOs.
[   63.480497] iscsi: registered transport (iser)
[   63.657087] systemd[1]: Listening on LVM2 metadata daemon socket.
[[0;32m  OK  [0m] Listening on LVM2 metadata daemon socket.
[   63.929934] systemd[1]: Starting Monitoring of LVM2 mirrors, snapshots etc. using dmeventd or progress polling...
         Starting Monitoring of LVM2 mirrors... dmeventd or progress polling...
[   64.329464] systemd[1]: Created slice system-serial\x2dgetty.slice.
[[0;32m  OK  [0m] Created slice system-serial\x2dgetty.slice.
[   64.581472] systemd[1]: Listening on udev Kernel Socket.
[[0;32m  OK  [0m] Listening on udev Kernel Socket.
[   64.813181] systemd[1]: Reached target User and Group Name Lookups.
[[0;32m  OK  [0m] Reached target User and Group Name Lookups.
[   65.116990] systemd[1]: Starting Uncomplicated firewall...
         Starting Uncomplicated firewall...
[   65.356897] systemd[1]: Started Forward Password Requests to Wall Directory Watch.
[[0;32m  OK  [0m] Started Forward Password Requests to Wall Directory Watch.
[   65.684297] systemd[1]: Mounted POSIX Message Queue File System.
[[0;32m  OK  [0m] Mounted POSIX Message Queue File System.
[   65.941171] systemd[1]: Mounted Huge Pages File System.
[[0;32m  OK  [0m] Mounted Huge Pages File System.
[   66.189057] systemd[1]: Mounted Debug File System.
[[0;32m  OK  [0m] Mounted Debug File System.
[   66.401115] systemd[1]: Started Journal Service.
[[0;32m  OK  [0m] Started Journal Service.
[[0;32m  OK  [0m] Started Create list of required sta...ce nodes for the current kernel.
[[0;32m  OK  [0m] Started Set console keymap.
[[0;32m  OK  [0m] Started Remount Root and Kernel File Systems.
[[0;32m  OK  [0m] Started Load Kernel Modules.
[[0;32m  OK  [0m] Started Uncomplicated firewall.
[[0;32m  OK  [0m] Started Nameserver information manager.
[[0;32m  OK  [0m] Started LVM2 metadata daemon.
         Mounting FUSE Control File System...
         Starting Apply Kernel Variables...
         Starting udev Coldplug all Devices...
         Starting Load/Save Random Seed...
         Starting Initial cloud-init job (pre-networking)...
         Starting Create Static Device Nodes in /dev...
         Starting Flush Journal to Persistent Storage...
[[0;32m  OK  [0m] Mounted FUSE Control File System.
[[0;32m  OK  [0m] Started Apply Kernel Variables.
[[0;32m  OK  [0m] Started Load/Save Random Seed.
[[0;32m  OK  [0m] Started udev Coldplug all Devices.
[[0;32m  OK  [0m] Started Monitoring of LVM2 mirrors,...ng dmeventd or progress polling.
[[0;32m  OK  [0m] Started Create Static Device Nodes in /dev.
         Starting udev Kernel Device Manager...
[[0;32m  OK  [0m] Started Flush Journal to Persistent Storage.
[[0;32m  OK  [0m] Started udev Kernel Device Manager.
[[0;32m  OK  [0m] Reached target Local File Systems (Pre).
[[0;32m  OK  [0m] Reached target Local File Systems.
         Starting LSB: AppArmor initialization...
         Starting Tell Plymouth To Write Out Runtime Data...
         Starting Create Volatile Files and Directories...
         Starting Set console font and keymap...
         Starting Commit a transient machine-id on disk...
[[0;32m  OK  [0m] Started Dispatch Password Requests to Console Directory Watch.
[[0;32m  OK  [0m] Started Tell Plymouth To Write Out Runtime Data.
[[0;32m  OK  [0m] Started Create Volatile Files and Directories.
[[0;32m  OK  [0m] Started Commit a transient machine-id on disk.
[[0;32m  OK  [0m] Found device /dev/ttyS0.
         Starting Update UTMP about System Boot/Shutdown...
[[0;32m  OK  [0m] Reached target System Time Synchronized.
[[0;32m  OK  [0m] Started Set console font and keymap.
[[0;32m  OK  [0m] Created slice system-getty.slice.
[[0;32m  OK  [0m] Started Update UTMP about System Boot/Shutdown.
[[0;32m  OK  [0m] Listening on Load/Save RF Kill Switch Status /dev/rfkill Watch.
[[0;32m  OK  [0m] Started LSB: AppArmor initialization.
[   40.723523] cloud-init[485]: Cloud-init v. 0.7.9 running 'init-local' at Sat, 17 Jun 2017 12:12:12 +0000. Up 40.37 seconds.
[[0;32m  OK  [0m] Started Initial cloud-init job (pre-networking).
[[0;32m  OK  [0m] Reached target Network (Pre).
         Starting Raise network interfaces...
[[0;32m  OK  [0m] Started Raise network interfaces.
         Starting Initial cloud-init job (metadata service crawler)...
[[0;32m  OK  [0m] Reached target Network.
[   42.723616] cloud-init[1036]: Cloud-init v. 0.7.9 running 'init' at Sat, 17 Jun 2017 12:12:14 +0000. Up 41.54 seconds.
[   42.813084] cloud-init[1036]: ci-info: +++++++++++++++++++++++++++++++++++++Net device info++++++++++++++++++++++++++++++++++++++
[   42.813265] cloud-init[1036]: ci-info: +--------+------+----------------------------+---------------+-------+-------------------+
[[0;32m  OK  [0m] Started Initial cloud-init job (metadata service crawler).
[   42.813342] cloud-init[1036]: ci-info: | Device |  Up  |          Address           |      Mask     | Scope |     Hw-Address    |
[   43.052833] cloud-init[1036]: ci-info: +--------+------+----------------------------+---------------+-------+-------------------+
[   43.053046] cloud-init[1036]: ci-info: | enp0s3 | True |         10.0.2.15          | 255.255.255.0 |   .   | 02:ed:55:e6:81:b9 |
[[0;32m  OK  [0m] Reached target System Initialization.
[[   43.053132] cloud-init[1036]: ci-info: | enp0s3 | True | fe80::ed:55ff:fee6:81b9/64 |       .       |  link | 02:ed:55:e6:81:b9 |
[   43.281762] cloud-init[1036]: ci-info: |   lo   | True |         127.0.0.1          |   255.0.0.0   |   .   |         .         |
[0;32m  OK  [0m] Listening on D-Bus System Message Bus Socket.
         [   43.281827] Starting Socket activation for snappy daemon.cloud-init
[1036]: ci-info: |   lo   | True |          ::1/128           |       .       |  host |         .         |
[   43.382754] cloud-init[1036]: ci-info: +--------+------+----------------------------+---------------+-------+-------------------+
[   43.382927] cloud-init[1036]: ci-info: +++++++++++++++++++++++++++Route IPv4 info++++++++++++++++++++++++++++
[[0;32m  OK  [0m] Started Trigger resolvconf update for networkd DNS.
[   43.383017] cloud-init[1036]: ci-info: +-------+-------------+----------+---------------+-----------+-------+
[   43.623646] cloud-init[1036]: ci-info: | Route | Destination | Gateway  |    Genmask    | Interface | Flags |
[[0;32m  OK  [0m] Listening on ACPID Listen Socket.
[[   43.623712] cloud-init[1036]: ci-info: +-------+-------------+----------+---------------+-----------+-------+
[   43.996741] cloud-init[1036]: ci-info: |   0   |   0.0.0.0   | 10.0.2.2 |    0.0.0.0    |   enp0s3  |   UG  |
[0;32m  OK  [0m] Started Daily Cleanup of Temporary Directories.
[[   43.996808] cloud-init[1036]: ci-info: |   1   |   10.0.2.0  | 0.0.0.0  | 255.255.255.0 |   enp0s3  |   U   |
[   44.128679] cloud-init[1036]: ci-info: +-------+-------------+----------+---------------+-----------+-------+
[0;32m  OK  [0m] Started Timer to automatically refresh installed snaps.
[   44.128747] cloud-init[1036]: Generating public/private rsa key pair.
[   44.488500] cloud-init[1036]: Your identification has been saved in /etc/ssh/ssh_host_rsa_key.
[   44.488669] cloud-init[1036]: Your public key has been saved in /etc/ssh/ssh_host_rsa_key.pub.
[   44.488752] cloud-init[1036]: The key fingerprint is:
[   44.488842] cloud-init[1036]: SHA256:sRhyGzrkn88/6wplNa6VCSOvKX8JtZ+ai+fYkFx7SEY root@ubuntu-xenial
[[0;32m  OK  [0m] Started ACPI Events Check.
[[   44.488931] cloud-init[1036]: The key's randomart image is:
[   44.722727] cloud-init[1036]: +---[RSA 2048]----+
[   44.722778] cloud-init[1036]: |                 |
[   44.722863] cloud-init[1036]: |                 |
[   44.722950] cloud-init[1036]: |    o = E o      |
[0;32m  OK  [0m] Reached target Paths.
[   44.723048] cloud-init[1036]: |   o + O.B +     |
[   45.126349] cloud-init[1036]: |    + o.S.=      |
[   45.126548] cloud-init[1036]: |     +.@.=       |
         Starting LXD - unix socket.
[[   45.126643] cloud-init[1036]: |    . X.+o..     |
[   45.132552] cloud-init[1036]: |     o O+o+      |
[   45.132611] cloud-init[1036]: |      ++X*+o     |
[   45.132736] cloud-init[1036]: +----[SHA256]-----+
[   45.132788] cloud-init[1036]: Generating public/private dsa key pair.
[   45.132881] cloud-init[1036]: Your identification has been saved in /etc/ssh/ssh_host_dsa_key.
[   45.132962] cloud-init[1036]: Your public key has been saved in /etc/ssh/ssh_host_dsa_key.pub.
[0;32m  OK  [0m] Listening on UUID daemon activation socket.
[[   45.133044] cloud-init[1036]: The key fingerprint is:
[   45.307669] cloud-init[1036]: SHA256:89Nck4n++rZJY5gPnAmtIin3lXt58Jr0H6H88E22djo root@ubuntu-xenial
[0;32m  OK  [0m] Started Daily apt activities.
[[   45.307734] cloud-init[1036]: The key's randomart image is:
[   45.557966] cloud-init[1036]: +---[DSA 1024]----+
[0;32m  OK  [0m] Reached target Timers.
[   45.558031] cloud-init[1036]: |                 |
[   45.704601] cloud-init[1036]: |                 |
[   45.704797] cloud-init[1036]: |                 |
[[0;32m  OK  [0m] Reached target Cloud-config availability.
[[   45.704895] cloud-init[1036]: |           . . o |
[   45.749060] cloud-init[1036]: |        S . o =. |
[   45.749113] cloud-init[1036]: |       . o Oo*...|
[   45.749196] cloud-init[1036]: |    . + . * %B+.o|
[   45.749281] cloud-init[1036]: |     o o o +oOE*=|
[   45.749368] cloud-init[1036]: |        . ..+*XO+|
[   45.749454] cloud-init[1036]: +----[SHA256]-----+
[   45.749637] cloud-init[1036]: Generating public/private ecdsa key pair.
[   45.749721] cloud-init[1036]: Your identification has been saved in /etc/ssh/ssh_host_ecdsa_key.
[   45.749811] cloud-init[1036]: Your public key has been saved in /etc/ssh/ssh_host_ecdsa_key.pub.
[   45.749893] cloud-init[1036]: The key fingerprint is:
[   45.749980] cloud-init[1036]: SHA256:0ks6wb2h/aketCX73AuUXg9LHwT8WN3xWQtKJbJY9ik root@ubuntu-xenial
[   45.750067] cloud-init[1036]: The key's randomart image is:
[0;32m  OK  [0m] Reached target Network is Online.
[   45.750154] cloud-init[1036]: +---[ECDSA 256]---+
[   46.136167] cloud-init[1036]: |         + +oo o+|
[   46.136371] cloud-init[1036]: |        + = =.o B|
         Starting iSCSI initiator daemon (iscsid)...
[   46.136452] cloud-init[1036]: |       . E + +.o.|
[   46.216063] cloud-init[1036]: |     . o  .....  |
[   46.216280] cloud-init[1036]: |      + S + + .  |
[   46.216362] cloud-init[1036]: |       O @ o = . |
[   46.216449] cloud-init[1036]: |      + B o . o  |
[   46.216539] cloud-init[1036]: |       . = +     |
[   46.216626] cloud-init[1036]: |       .o.= o.   |
[   46.216722] cloud-init[1036]: +----[SHA256]-----+
[[0;32m  OK  [0m] Listening on Socket activation for snappy daemon.
[[   46.216804] cloud-init[1036]: Generating public/private ed25519 key pair.
[   46.611924] cloud-init[1036]: Your identification has been saved in /etc/ssh/ssh_host_ed25519_key.
[   46.611980] cloud-init[1036]: Your public key has been saved in /etc/ssh/ssh_host_ed25519_key.pub.
[0;32m  OK  [0m] Listening on LXD - unix socket.
[   46.612157] cloud-init[1036]: The key fingerprint is:
[   46.756959] cloud-init[1036]: SHA256:ALU0oZDJUuuyvvxI4U/nvLFY5kxhjwnClTj0GSSthtA root@ubuntu-xenial
[   46.757178] cloud-init[1036]: The key's randomart image is:
[[0;32m  OK  [0m] Reached target Sockets.
[   46.757283] cloud-init[1036]: +--[ED25519 256]--+
[   46.965425] cloud-init[1036]: | *==..=.         |
[[0;32m  OK  [0m] Reached target Basic System.
[   46.965473] cloud-init[1036]: |+ E+++ o         |
         [   47.216558] Starting Apply the settings specified in cloud-config...cloud-init
[1036]: |o+o=. o          |
[   47.317561] cloud-init[1036]: |o+o    .         |
[   47.317729] cloud-init[1036]: |o+.. o  S        |
         Starting LSB: MD monitoring daemon...
[   47.317828] cloud-init[1036]: |.oo o =          |
[   47.418474] cloud-init[1036]: |.o . O .         |
[   47.419064] cloud-init[1036]: |+ + @ o          |
[   47.419627] cloud-init[1036]: | =o+ B.          |
[   47.441334] cloud-init[1036]: +----[SHA256]-----+
         Starting Login Service...
[[0;32m  OK  [0m] Started Regular background program processing daemon.
         Starting LXD - container startup/shutdown...
         Starting /etc/rc.local Compatibility...
         Starting System Logging Service...
         Starting Accounts Service...
[   47.687150] cloud-init[1131]: Generating locales (this might take a while)...
         Starting LSB: Record successful boot for GRUB...
[[0;32m  OK  [0m] Started D-Bus System Message Bus.
[[0;32m  OK  [0m] Started FUSE filesystem for LXC.
[[0;32m  OK  [0m] Started ACPI event daemon.
[[0;32m  OK  [0m] Started Deferred execution scheduler.
         Starting Pollinate to seed the pseudo random number generator...
[[0;32m  OK  [0m] Started Snappy daemon.
         Starting Auto import assertions from block devices...
[[0;32m  OK  [0m] Started System Logging Service.
[[0;32m  OK  [0m] Started iSCSI initiator daemon (iscsid).
[[0;32m  OK  [0m] Started /etc/rc.local Compatibility.
[[0;32m  OK  [0m] Started Auto import assertions from block devices.
[[0;32m  OK  [0m] Started Login Service.
         Starting Authenticate and Authorize Users to Run Privileged Tasks...
         Starting Login to default iSCSI targets...
[[0;32m  OK  [0m] Started LXD - container startup/shutdown.
[[0;32m  OK  [0m] Started LSB: Record successful boot for GRUB.
[   48.965028] cloud-init[1131]:   en_US.UTF-8... done
[   49.182574] cloud-init[1131]: Generation complete.
[[0;32m  OK  [0m] Started LSB: MD monitoring daemon.
[[0;32m  OK  [0m] Started Authenticate and Authorize Users to Run Privileged Tasks.
[[0;32m  OK  [0m] Started Accounts Service.
[[0;32m  OK  [0m] Started Login to default iSCSI targets.
[[0;32m  OK  [0m] Reached target Remote File Systems (Pre).
[[0;32m  OK  [0m] Reached target Remote File Systems.
         Starting Permit User Sessions...
         Starting LSB: VirtualBox Linux Additions...
         Starting LSB: automatic crash report generation...
         Starting LSB: daemon to balance interrupts for SMP systems...
         Starting LSB: Set the CPU Frequency Scaling governor to "ondemand"...
[[0;32m  OK  [0m] Started Permit User Sessions.
         Starting Hold until boot process finishes up...
         Starting Terminate Plymouth Boot Screen...
[[0;32m  OK  [0m] Started LSB: daemon to balance interrupts for SMP systems.
[[0;32m  OK  [0m] Started LSB: Set the CPU Frequency Scaling governor to "ondemand".
[[0;32m  OK  [0m] Started LSB: automatic crash report generation.
[[0;32m  OK  [0m] Started Hold until boot process finishes up.
[[0;32m  OK  [0m] Started Terminate Plymouth Boot Screen.
         Starting Set console scheme...
[[0;32m  OK  [0m] Started Getty on tty1.
[[0;32m  OK  [0m] Started Serial Getty on ttyS0.
[[0;32m  OK  [0m] Reached target Login Prompts.
[[0;32m  OK  [0m] Started Set console scheme.
[[0;32m  OK  [0m] Started Pollinate to seed the pseudo random number generator.
[[0;32m  OK  [0m] Started LSB: VirtualBox Linux Additions.
         Starting OpenBSD Secure Shell server...
[[0;32m  OK  [0m] Stopped OpenBSD Secure Shell server.
         Starting OpenBSD Secure Shell server...
[[0;32m  OK  [0m] Started OpenBSD Secure Shell server.
[[0;32m  OK  [0m] Reached target Multi-User System.
[[0;32m  OK  [0m] Reached target Graphical Interface.
         Starting Update UTMP about System Runlevel Changes...
[[0;32m  OK  [0m] Created slice User Slice of ubuntu.
         Starting User Manager for UID 1000...
[[0;32m  OK  [0m] Started Session 1 of user ubuntu.
[[0;32m  OK  [0m] Started Update UTMP about System Runlevel Changes.
[[0;32m  OK  [0m] Started User Manager for UID 1000.
[   52.770174] cloud-init[1131]: Cloud-init v. 0.7.9 running 'modules:config' at Sat, 17 Jun 2017 12:12:19 +0000. Up 47.36 seconds.
[[0;32m  OK  [0m] Started Apply the settings specified in cloud-config.
         Starting Execute cloud user/final scripts...
ci-info: no authorized ssh keys fingerprints found for user ubuntu.
<14>Jun 17 12:12:25 ec2: 
<14>Jun 17 12:12:25 ec2: #############################################################
<14>Jun 17 12:12:25 ec2: -----BEGIN SSH HOST KEY FINGERPRINTS-----
<14>Jun 17 12:12:25 ec2: 1024 SHA256:89Nck4n++rZJY5gPnAmtIin3lXt58Jr0H6H88E22djo root@ubuntu-xenial (DSA)
<14>Jun 17 12:12:25 ec2: 256 SHA256:0ks6wb2h/aketCX73AuUXg9LHwT8WN3xWQtKJbJY9ik root@ubuntu-xenial (ECDSA)
<14>Jun 17 12:12:25 ec2: 256 SHA256:ALU0oZDJUuuyvvxI4U/nvLFY5kxhjwnClTj0GSSthtA root@ubuntu-xenial (ED25519)
<14>Jun 17 12:12:25 ec2: 2048 SHA256:sRhyGzrkn88/6wplNa6VCSOvKX8JtZ+ai+fYkFx7SEY root@ubuntu-xenial (RSA)
<14>Jun 17 12:12:25 ec2: -----END SSH HOST KEY FINGERPRINTS-----
<14>Jun 17 12:12:25 ec2: #############################################################
-----BEGIN SSH HOST KEY KEYS-----
ecdsa-sha2-nistp256 AAAAE2VjZHNhLXNoYTItbmlzdHAyNTYAAAAIbmlzdHAyNTYAAABBBHy1nuYEFyzD77TbpMjKNvOzbCsPGFCiigOaGZb5c7ZAUCnTa0+xB/uwWqBBgoYQlng64jpzuaSlA9GtakbSnY4= root@ubuntu-xenial
ssh-ed25519 AAAAC3NzaC1lZDI1NTE5AAAAIKbPvWevafWsa1o8lzTq+LSuowwHT/W62QU308hEsHlf root@ubuntu-xenial
ssh-rsa AAAAB3NzaC1yc2EAAAADAQABAAABAQCwJK2ntZyHOdOFdwqo0vAz4P+VQBH/LBAjWrDOv4F+HikkWktq1Xds3cnvue1YqrO3AVDMKax/VbnTwaqkm/kLPqIBFUNmCVJ2sDiDIbaNGKtditkjmxK60fx+cA8+lMjlW3P0RkgaVQIcSIV68jjmRPIGsgOeZcGS8d1+XMJq0ueV+MmTlMssg3OXfR5fM4VzJgn4LWCupy/2UMNNuXcXFdfVD8A1X3NzFr0FudtyVj2jYg+XDLY4ny0ZiUk5i6isgERdD77FoiwQVkIDNpO+ylhb/pe55rk6WramYH+Vfbm6acfdkHoJOqsOCLHcIoh7KUQ5apn9gg5Dri8wG4bv root@ubuntu-xenial
-----END SSH HOST KEY KEYS-----
[   54.031758] cloud-init[1463]: Cloud-init v. 0.7.9 running 'modules:final' at Sat, 17 Jun 2017 12:12:25 +0000. Up 53.05 seconds.
[   54.106395] cloud-init[1463]: ci-info: no authorized ssh keys fingerprints found for user ubuntu.
[   54.107506] [[0;32m  OK  [0m] Started Execute cloud user/final scripts.
cloud-init[1463]: Cloud-init v. 0.7.9 finished at Sat, 17 Jun 2017 12:12:26 +0000. Datasource DataSourceNoCloud [seed=/dev/sdb][dsmode=net].  Up 54.02 seconds[[0;32m  OK  [0m] Reached targe

Ubuntu 16.04.2 LTS ubuntu-xenial ttyS0

ubuntu-xenial login: 